[debug] [2023-02-23T18:45:42.521Z] ----------------------------------------------------------------------
[debug] [2023-02-23T18:45:42.523Z] Command:       C:\Program Files\nodejs\node.exe C:\Users\mukho\AppData\Roaming\npm\node_modules\firebase-tools\lib\bin\firebase.js init
[debug] [2023-02-23T18:45:42.524Z] CLI Version:   11.23.1
[debug] [2023-02-23T18:45:42.524Z] Platform:      win32
[debug] [2023-02-23T18:45:42.525Z] Node Version:  v16.17.0
[debug] [2023-02-23T18:45:42.526Z] Time:          Fri Feb 24 2023 00:15:42 GMT+0530 (India Standard Time)
[debug] [2023-02-23T18:45:42.527Z] ----------------------------------------------------------------------
[debug] 
[debug] [2023-02-23T18:45:42.532Z] >>> [apiv2][query] GET https://firebase-public.firebaseio.com/cli.json [none]
[debug] [2023-02-23T18:45:42.564Z] > command requires scopes: ["email","openid","https://www.googleapis.com/auth/cloudplatformprojects.readonly","https://www.googleapis.com/auth/firebase","https://www.googleapis.com/auth/cloud-platform"]
[debug] [2023-02-23T18:45:42.565Z] > authorizing via signed-in user (mukhopadhyaybaivab77@gmail.com)
[info] 
     ######## #### ########  ######## ########     ###     ######  ########
     ##        ##  ##     ## ##       ##     ##  ##   ##  ##       ##
     ######    ##  ########  ######   ########  #########  ######  ######
     ##        ##  ##    ##  ##       ##     ## ##     ##       ## ##
     ##       #### ##     ## ######## ########  ##     ##  ######  ########

You're about to initialize a Firebase project in this directory:

  D:\Infoder

[debug] [2023-02-23T18:45:43.351Z] <<< [apiv2][status] GET https://firebase-public.firebaseio.com/cli.json 200
[debug] [2023-02-23T18:45:43.351Z] <<< [apiv2][body] GET https://firebase-public.firebaseio.com/cli.json {"cloudBuildErrorAfter":1594252800000,"cloudBuildWarnAfter":1590019200000,"defaultNode10After":1594252800000,"minVersion":"3.0.5","node8DeploysDisabledAfter":1613390400000,"node8RuntimeDisabledAfter":1615809600000,"node8WarnAfter":1600128000000}
[info] 
=== Project Setup
[info] 
[info] First, let's associate this project directory with a Firebase project.
[info] You can create multiple project aliases by running firebase use --add, 
[info] but for now we'll just set up a default project.
[info] 
[debug] [2023-02-23T18:46:07.095Z] > refreshing access token with scopes: []
[debug] [2023-02-23T18:46:07.097Z] >>> [apiv2][query] POST https://www.googleapis.com/oauth2/v3/token [none]
[debug] [2023-02-23T18:46:07.097Z] >>> [apiv2][body] POST https://www.googleapis.com/oauth2/v3/token [omitted]
[debug] [2023-02-23T18:46:07.686Z] <<< [apiv2][status] POST https://www.googleapis.com/oauth2/v3/token 200
[debug] [2023-02-23T18:46:07.686Z] <<< [apiv2][body] POST https://www.googleapis.com/oauth2/v3/token [omitted]
[debug] [2023-02-23T18:46:07.711Z] >>> [apiv2][query] GET https://firebase.googleapis.com/v1beta1/projects pageSize=100
[debug] [2023-02-23T18:46:08.700Z] <<< [apiv2][status] GET https://firebase.googleapis.com/v1beta1/projects 200
[debug] [2023-02-23T18:46:08.700Z] <<< [apiv2][body] GET https://firebase.googleapis.com/v1beta1/projects [omitted]
